{"contracts/Storage.sol":{"l":{"20":6,"21":4,"25":8,"26":8,"27":8,"28":1,"31":8,"32":8,"33":8,"37":1,"38":1,"39":1,"40":1,"44":3,"48":1,"52":1,"53":0,"55":1,"56":1,"60":1,"61":0,"63":1,"64":1},"path":"/home/oxoft/Documents/dapp/contracts/Storage.sol","s":{"1":6,"2":8,"3":8,"4":8,"5":1,"6":8,"7":8,"8":8,"9":1,"10":1,"11":3,"12":1,"13":1,"14":0,"15":1,"16":1,"17":0,"18":1},"b":{"1":[4,2]},"f":{"1":6,"2":8,"3":1,"4":3,"5":1,"6":1,"7":1},"fnMap":{"1":{"name":"canView","line":19,"loc":{"start":{"line":19,"column":4},"end":{"line":19,"column":30}}},"2":{"name":"add","line":24,"loc":{"start":{"line":24,"column":4},"end":{"line":24,"column":82}}},"3":{"name":"deleteFile","line":36,"loc":{"start":{"line":36,"column":4},"end":{"line":36,"column":55}}},"4":{"name":"getFile","line":43,"loc":{"start":{"line":43,"column":4},"end":{"line":43,"column":79}}},"5":{"name":"getIndexes","line":47,"loc":{"start":{"line":47,"column":4},"end":{"line":47,"column":59}}},"6":{"name":"removeHashes","line":51,"loc":{"start":{"line":51,"column":4},"end":{"line":51,"column":96}}},"7":{"name":"remove","line":59,"loc":{"start":{"line":59,"column":4},"end":{"line":59,"column":86}}}},"statementMap":{"1":{"start":{"line":20,"column":8},"end":{"line":20,"column":115}},"2":{"start":{"line":25,"column":8},"end":{"line":25,"column":35}},"3":{"start":{"line":26,"column":8},"end":{"line":26,"column":67}},"4":{"start":{"line":27,"column":8},"end":{"line":27,"column":766}},"5":{"start":{"line":28,"column":12},"end":{"line":28,"column":55}},"6":{"start":{"line":31,"column":8},"end":{"line":31,"column":39}},"7":{"start":{"line":32,"column":8},"end":{"line":32,"column":36}},"8":{"start":{"line":33,"column":8},"end":{"line":33,"column":42}},"9":{"start":{"line":39,"column":8},"end":{"line":39,"column":67}},"10":{"start":{"line":40,"column":8},"end":{"line":40,"column":65}},"11":{"start":{"line":44,"column":8},"end":{"line":44,"column":32}},"12":{"start":{"line":48,"column":8},"end":{"line":48,"column":35}},"13":{"start":{"line":52,"column":8},"end":{"line":52,"column":1631}},"14":{"start":{"line":53,"column":12},"end":{"line":53,"column":32}},"15":{"start":{"line":56,"column":8},"end":{"line":56,"column":20}},"16":{"start":{"line":60,"column":8},"end":{"line":60,"column":1892}},"17":{"start":{"line":61,"column":12},"end":{"line":61,"column":32}},"18":{"start":{"line":64,"column":8},"end":{"line":64,"column":20}}},"branchMap":{"1":{"line":20,"type":"if","locations":[{"start":{"line":20,"column":8},"end":{"line":20,"column":8}},{"start":{"line":20,"column":8},"end":{"line":20,"column":8}}]}}}}